Arguments: 
  C:\Program Files\nodejs\node.exe C:\Users\mddanishyusuf\AppData\Roaming\npm\node_modules\yarn\bin\yarn.js init

PATH: 
  C:\ProgramData\DockerDesktop\version-bin;C:\Program Files\Docker\Docker\Resources\bin;C:\Program Files (x86)\Common Files\Oracle\Java\javapath;C:\Windows\system32;C:\Windows;C:\Windows\System32\Wbem;C:\Windows\System32\WindowsPowerShell\v1.0\;C:\Program Files\Git\cmd;C:\Program Files (x86)\NVIDIA Corporation\PhysX\Common;C:\Program Files (x86)\Windows Kits\8.1\Windows Performance Toolkit\;C:\Program Files\PuTTY\;C:\WINDOWS\system32;C:\WINDOWS;C:\WINDOWS\System32\Wbem;C:\WINDOWS\System32\WindowsPowerShell\v1.0\;C:\WINDOWS\System32\OpenSSH\;C:\Program Files\Intel\WiFi\bin\;C:\Program Files\Common Files\Intel\WirelessCommon\;C:\Program Files\Microsoft Network Monitor 3\;C:\Program Files\Microsoft VS Code\bin;C:\Program Files\wkhtmltopdf\bin;C:\Users\mddanishyusuf\.windows-build-tools\python27\Scripts;C:\PostgreSQL\pg96\bin;C:\ProgramData\chocolatey\bin;C:\Program Files\Java\jdk1.8.0_181\bin;C:\Program Files\nodejs\;C:\Program Files\Microsoft VS Code\bin;C:\Users\mddanishyusuf\AppData\Local\Microsoft\WindowsApps;C:\Program Files\Intel\WiFi\bin\;C:\Program Files\Common Files\Intel\WirelessCommon\;C:\Users\mddanishyusuf\AppData\Local\Programs\Python\Python36;C:\Users\mddanishyusuf\AppData\Local\Programs\Python\Python36\Scripts;C:\Program Files\MongoDB\Server\4.0\bin;C:\Users\mddanishyusuf\AppData\Local\Android\Sdk\platform-tools;C:\Program Files\phantomjs\bin;C:\Program Files\heroku\bin;C:\Users\mddanishyusuf\AppData\Local\hyper\app-3.0.2\resources\bin;C:\Users\mddanishyusuf\AppData\Roaming\npm;C:\Users\mddanishyusuf\Downloads\stripe_1.2.1_windows_x86_64;

Yarn version: 
  1.9.4

Node version: 
  10.16.3

Platform: 
  win32 x64

Trace: 
  Error: canceled
      at Interface.<anonymous> (C:\Users\mddanishyusuf\AppData\Roaming\npm\node_modules\yarn\lib\cli.js:126002:13)
      at Interface.emit (events.js:198:13)
      at Interface._ttyWrite (readline.js:801:16)
      at ReadStream.onkeypress (readline.js:184:10)
      at ReadStream.emit (events.js:198:13)
      at emitKeys (internal/readline.js:424:14)
      at emitKeys.next (<anonymous>)
      at ReadStream.onData (readline.js:1075:36)
      at ReadStream.emit (events.js:198:13)
      at addChunk (_stream_readable.js:288:12)

npm manifest: 
  {
    "name": "intergram",
    "version": "0.0.1",
    "description": "A live chat widget linked to your telegram messenger",
    "engines": {
      "node": "6.9.1",
      "npm": "3.10.8"
    },
    "scripts": {
      "start": "node server.js",
      "postinstall": "npm run build",
      "dev": "start  http://localhost:3000/demo.html & node devServer.js",
      "build": "shx mkdir -p dist && shx cp *.html dist && shx cp -r ./media dist && shx cp -r ./css dist && webpack -p",
      "test": "npm run -s lint",
      "lint": "eslint src"
    },
    "authors": [
      "Ido Cohen (http://github.com/idoco)"
    ],
    "devDependencies": {
      "webpack-bundle-analyzer": "^2.2.1",
      "webpack-dev-server": "^3.0.0"
    },
    "dependencies": {
      "babel-core": "^6.0.20",
      "babel-eslint": "^6.1.2",
      "babel-loader": "^6.0.1",
      "babel-plugin-transform-react-jsx": "^6.4.0",
      "babel-preset-es2015": "^6.0.15",
      "babel-preset-stage-0": "^6.0.15",
      "body-parser": "^1.15.2",
      "compression": "^1.6.2",
      "cors": "^2.8.1",
      "dateformat": "^2.0.0",
      "eslint": "^3.2.2",
      "express": "4.10.2",
      "preact": "^7.1.0",
      "request": "^2.79.0",
      "shx": "^0.2.2",
      "socket.io": "^1.7.3",
      "socket.io-client": "^1.7.3",
      "store": "^1.3.20",
      "webpack": "^1.14.0"
    }
  }

yarn manifest: 
  No manifest

Lockfile: 
  No lockfile
